app/build/intermediates/manifest_merge_blame_file/debug/manifest-merger-blame-debug-report.txt
1<?xml version="1.0" encoding="utf-8"?>
2<manifest xmlns:android="http://schemas.android.com/apk/res/android"
3    package="com.example.vagalumeex"
4    android:versionCode="1"
5    android:versionName="1.0" >
6
7    <uses-sdk
8        android:minSdkVersion="23"
8-->src\main\AndroidManifest.xml
9        android:targetSdkVersion="29" />
9-->src\main\AndroidManifest.xml
10
11    <uses-permission android:name="android.permission.ACCESS_FINE_LOCATION" />
11-->src\main\AndroidManifest.xml:5:5-79
11-->src\main\AndroidManifest.xml:5:22-76
12    <uses-permission android:name="android.permission.ACCESS_NETWORK_STATE" />
12-->src\main\AndroidManifest.xml:6:5-79
12-->src\main\AndroidManifest.xml:6:22-76
13    <uses-permission android:name="android.permission.INTERNET" />
13-->src\main\AndroidManifest.xml:7:5-67
13-->src\main\AndroidManifest.xml:7:22-64
14    <uses-permission android:name="android.permission.WRITE_EXTERNAL_STORAGE" />
14-->src\main\AndroidManifest.xml:8:5-81
14-->src\main\AndroidManifest.xml:8:22-78
15    <uses-permission android:name="android.permission.READ_EXTERNAL_STORAGE" />
15-->src\main\AndroidManifest.xml:9:5-80
15-->src\main\AndroidManifest.xml:9:22-77
16
17    <application
17-->src\main\AndroidManifest.xml:11:5-29:19
18        android:allowBackup="true"
18-->src\main\AndroidManifest.xml:12:9-35
19        android:appComponentFactory="androidx.core.app.CoreComponentFactory"
19-->[androidx.core:core:1.1.0] AndroidManifest.xml:24:18-86
20        android:debuggable="true"
21        android:extractNativeLibs="false"
22        android:icon="@mipmap/ic_launcher"
22-->src\main\AndroidManifest.xml:13:9-43
23        android:label="@string/app_name"
23-->src\main\AndroidManifest.xml:14:9-41
24        android:roundIcon="@mipmap/ic_launcher_round"
24-->src\main\AndroidManifest.xml:15:9-54
25        android:supportsRtl="true"
25-->src\main\AndroidManifest.xml:16:9-35
26        android:testOnly="true"
27        android:theme="@style/AppTheme" >
27-->src\main\AndroidManifest.xml:17:9-40
28        <activity android:name="com.example.vagalumeex.Exibirbandassalvas" />
28-->src\main\AndroidManifest.xml:18:9-65
28-->src\main\AndroidManifest.xml:18:19-53
29        <activity android:name="com.example.vagalumeex.Local" />
29-->src\main\AndroidManifest.xml:19:9-43
29-->src\main\AndroidManifest.xml:19:19-40
30        <activity android:name="com.example.vagalumeex.TelaInicial" >
30-->src\main\AndroidManifest.xml:20:9-26:20
30-->src\main\AndroidManifest.xml:20:19-46
31            <intent-filter>
31-->src\main\AndroidManifest.xml:21:13-25:29
32                <action android:name="android.intent.action.MAIN" />
32-->src\main\AndroidManifest.xml:22:17-69
32-->src\main\AndroidManifest.xml:22:25-66
33
34                <category android:name="android.intent.category.LAUNCHER" />
34-->src\main\AndroidManifest.xml:24:17-77
34-->src\main\AndroidManifest.xml:24:27-74
35            </intent-filter>
36        </activity>
37        <activity android:name="com.example.vagalumeex.WebViewA" />
37-->src\main\AndroidManifest.xml:27:9-46
37-->src\main\AndroidManifest.xml:27:19-43
38        <activity android:name="com.example.vagalumeex.MainActivity" />
38-->src\main\AndroidManifest.xml:28:9-50
38-->src\main\AndroidManifest.xml:28:19-47
39        <activity
39-->[com.google.android.gms:play-services-base:17.0.0] AndroidManifest.xml:23:9-26:75
40            android:name="com.google.android.gms.common.api.GoogleApiActivity"
40-->[com.google.android.gms:play-services-base:17.0.0] AndroidManifest.xml:24:13-79
41            android:exported="false"
41-->[com.google.android.gms:play-services-base:17.0.0] AndroidManifest.xml:25:13-37
42            android:theme="@android:style/Theme.Translucent.NoTitleBar" />
42-->[com.google.android.gms:play-services-base:17.0.0] AndroidManifest.xml:26:13-72
43
44        <meta-data
44-->[com.google.android.gms:play-services-basement:17.0.0] AndroidManifest.xml:23:9-25:69
45            android:name="com.google.android.gms.version"
45-->[com.google.android.gms:play-services-basement:17.0.0] AndroidManifest.xml:24:13-58
46            android:value="@integer/google_play_services_version" />
46-->[com.google.android.gms:play-services-basement:17.0.0] AndroidManifest.xml:25:13-66
47    </application>
48
49</manifest>